<?xml version="1.0" encoding="UTF-8"?>
<!-- Generated by org.testng.reporters.JUnitXMLReporter -->
<testsuite ignored="0" hostname="ALPWAPGST7929" failures="0" tests="3" name="Default test" time="35.222" errors="0" timestamp="2020-12-30T02:59:12 EST">
  <testcase classname="TESTING.E2EProject.TC_01_Registration" name="baseRegistration" time="8.019"/>
  <testcase classname="TESTING.E2EProject.TC_01_Registration" name="baseRegistration" time="7.947"/>
  <testcase classname="TESTING.E2EProject.TC_01_Registration" name="baseRegistration" time="7.851"/>
</testsuite> <!-- Default test -->
